<?xml version="1.0" encoding="UTF-8"?>
<testng-results skipped="0" failed="0" ignored="0" total="0" passed="0">
  <reporter-output>
  </reporter-output>
  <suite name="com.atmecs.falcon_ui_project.AppTest" duration-ms="0" started-at="2020-12-01T11:58:02Z" finished-at="2020-12-01T11:58:02Z">
    <groups>
    </groups>
    <test name="Command line test" duration-ms="0" started-at="2020-12-01T11:58:02Z" finished-at="2020-12-01T11:58:02Z">
    </test> <!-- Command line test -->
  </suite> <!-- com.atmecs.falcon_ui_project.AppTest -->
</testng-results>
