<?xml version="1.0" encoding="UTF-8"?>
<testng-results skipped="0" failed="1" ignored="0" total="2" passed="1">
  <reporter-output>
    <line>
      <![CDATA[INFO: The value found with Environment variable Falcon is: Falcon]]>
    </line>
    <line>
      <![CDATA[INFO: The value found with Environment Module variable login is: login]]>
    </line>
    <line>
      <![CDATA[The value found with Environment variable WIN_10_chrome_84, WIN_10_firefox_83, is: WIN_10_chrome_84, WIN_10_firefox_83,]]>
    </line>
    <line>
      <![CDATA[INFO: Clients Found: [Falcon]
]]>
    </line>
    <line>
      <![CDATA[INFO: Modules Selected: [login]
]]>
    </line>
    <line>
      <![CDATA[INFO: New Suite Created with name: Falcon-Sample- WIN_10_firefox_83]]>
    </line>
    <line>
      <![CDATA[<?xml version="1.0" encoding="UTF-8"?>
<!DOCTYPE suite SYSTEM "http://testng.org/testng-1.0.dtd">
<suite name="Falcon-Sample- WIN_10_firefox_83">
  <parameter name="os" value=" WIN"/>
  <parameter name="osVersion" value="10"/>
  <parameter name="browser" value="firefox"/>
  <parameter name="browserVersion" value="83"/>
  <test thread-count="5" name="SampleTest">
    <classes>
      <class name="com.atmecs.falcon_ui_project.testscript.LoginTest"/>
    </classes>
  </test> <!-- SampleTest -->
</suite> <!-- Falcon-Sample- WIN_10_firefox_83 -->
]]>
    </line>
    <line>
      <![CDATA[INFO: New Suite Created with name: Falcon-Sample-WIN_10_chrome_84]]>
    </line>
    <line>
      <![CDATA[<?xml version="1.0" encoding="UTF-8"?>
<!DOCTYPE suite SYSTEM "http://testng.org/testng-1.0.dtd">
<suite name="Falcon-Sample-WIN_10_chrome_84">
  <parameter name="os" value="WIN"/>
  <parameter name="osVersion" value="10"/>
  <parameter name="browser" value="chrome"/>
  <parameter name="browserVersion" value="84"/>
  <test thread-count="5" name="SampleTest">
    <classes>
      <class name="com.atmecs.falcon_ui_project.testscript.LoginTest"/>
    </classes>
  </test> <!-- SampleTest -->
</suite> <!-- Falcon-Sample-WIN_10_chrome_84 -->
]]>
    </line>
    <line>
      <![CDATA[Click on login link]]>
    </line>
    <line>
      <![CDATA[Enter username]]>
    </line>
    <line>
      <![CDATA[INFO: The value found with Environment variable Falcon is: Falcon]]>
    </line>
    <line>
      <![CDATA[INFO: The value found with Environment Module variable login is: login]]>
    </line>
    <line>
      <![CDATA[The value found with Environment variable WIN_10_chrome_84, WIN_10_firefox_83, is: WIN_10_chrome_84, WIN_10_firefox_83,]]>
    </line>
    <line>
      <![CDATA[INFO: Clients Found: [Falcon]
]]>
    </line>
    <line>
      <![CDATA[INFO: Modules Selected: [login]
]]>
    </line>
    <line>
      <![CDATA[INFO: New Suite Created with name: Falcon-Sample- WIN_10_firefox_83]]>
    </line>
    <line>
      <![CDATA[<?xml version="1.0" encoding="UTF-8"?>
<!DOCTYPE suite SYSTEM "http://testng.org/testng-1.0.dtd">
<suite name="Falcon-Sample- WIN_10_firefox_83">
  <parameter name="os" value=" WIN"/>
  <parameter name="osVersion" value="10"/>
  <parameter name="browser" value="firefox"/>
  <parameter name="browserVersion" value="83"/>
  <test thread-count="5" name="SampleTest">
    <classes>
      <class name="com.atmecs.falcon_ui_project.testscript.LoginTest"/>
    </classes>
  </test> <!-- SampleTest -->
</suite> <!-- Falcon-Sample- WIN_10_firefox_83 -->
]]>
    </line>
    <line>
      <![CDATA[INFO: New Suite Created with name: Falcon-Sample-WIN_10_chrome_84]]>
    </line>
    <line>
      <![CDATA[<?xml version="1.0" encoding="UTF-8"?>
<!DOCTYPE suite SYSTEM "http://testng.org/testng-1.0.dtd">
<suite name="Falcon-Sample-WIN_10_chrome_84">
  <parameter name="os" value="WIN"/>
  <parameter name="osVersion" value="10"/>
  <parameter name="browser" value="chrome"/>
  <parameter name="browserVersion" value="84"/>
  <test thread-count="5" name="SampleTest">
    <classes>
      <class name="com.atmecs.falcon_ui_project.testscript.LoginTest"/>
    </classes>
  </test> <!-- SampleTest -->
</suite> <!-- Falcon-Sample-WIN_10_chrome_84 -->
]]>
    </line>
    <line>
      <![CDATA[Click on login link]]>
    </line>
    <line>
      <![CDATA[Enter username]]>
    </line>
    <line>
      <![CDATA[Enter password]]>
    </line>
    <line>
      <![CDATA[Click login Button]]>
    </line>
  </reporter-output>
  <suite name="Falcon-Sample-WIN_10_chrome_84" duration-ms="25771" started-at="2020-12-03T10:56:35Z" finished-at="2020-12-03T10:57:01Z">
    <groups>
    </groups>
    <test name="SampleTest" duration-ms="25771" started-at="2020-12-03T10:56:35Z" finished-at="2020-12-03T10:57:01Z">
      <class name="com.atmecs.falcon_ui_project.testscript.LoginTest">
        <test-method status="PASS" signature="preSetup()[pri:0, instance:com.atmecs.falcon_ui_project.testscript.LoginTest@5f1c870a]" name="preSetup" is-config="true" duration-ms="317" started-at="2020-12-03T10:56:35Z" finished-at="2020-12-03T10:56:35Z">
          <reporter-output>
          </reporter-output>
        </test-method> <!-- preSetup -->
        <test-method status="PASS" signature="initBrowser(java.lang.String, java.lang.String, java.lang.String, java.lang.String)[pri:0, instance:com.atmecs.falcon_ui_project.testscript.LoginTest@5f1c870a]" name="initBrowser" is-config="true" duration-ms="1" started-at="2020-12-03T10:56:37Z" finished-at="2020-12-03T10:56:37Z">
          <params>
            <param index="0">
              <value>
                <![CDATA[WIN]]>
              </value>
            </param>
            <param index="1">
              <value>
                <![CDATA[10]]>
              </value>
            </param>
            <param index="2">
              <value>
                <![CDATA[chrome]]>
              </value>
            </param>
            <param index="3">
              <value>
                <![CDATA[84]]>
              </value>
            </param>
          </params>
          <reporter-output>
          </reporter-output>
        </test-method> <!-- initBrowser -->
        <test-method status="FAIL" signature="testLogin(java.lang.String, java.lang.String)[pri:0, instance:com.atmecs.falcon_ui_project.testscript.LoginTest@5f1c870a]" name="testLogin" duration-ms="21783" started-at="2020-12-03T10:56:37Z" data-provider="logindata" finished-at="2020-12-03T10:56:59Z">
          <params>
            <param index="0">
              <value>
                <![CDATA[rizwan]]>
              </value>
            </param>
            <param index="1">
              <value>
                <![CDATA[riz1234]]>
              </value>
            </param>
          </params>
          <exception class="org.openqa.selenium.ElementNotInteractableException">
            <message>
              <![CDATA[element not interactable
  (Session info: chrome=87.0.4280.66)
Build info: version: '3.141.59', revision: 'e82be7d358', time: '2018-11-14T08:17:03'
System info: host: 'ATMECSINLT-407', ip: '192.168.0.112', os.name: 'Windows 10', os.arch: 'amd64', os.version: '10.0', java.version: '1.8.0_241'
Driver info: org.openqa.selenium.chrome.ChromeDriver
Capabilities {acceptInsecureCerts: false, browserName: chrome, browserVersion: 87.0.4280.66, chrome: {chromedriverVersion: 87.0.4280.20 (c99e81631faa0..., userDataDir: C:\Users\MOHAMM~1.RIZ\AppDa...}, goog:chromeOptions: {debuggerAddress: localhost:60513}, javascriptEnabled: true, networkConnectionEnabled: false, pageLoadStrategy: normal, platform: WINDOWS, platformName: WINDOWS, proxy: Proxy(), setWindowRect: true, strictFileInteractability: false, timeouts: {implicit: 0, pageLoad: 300000, script: 30000}, unhandledPromptBehavior: dismiss and notify, webauthn:virtualAuthenticators: true}
Session ID: 8b3952fff7b6521e74d841b7619cde48]]>
            </message>
            <full-stacktrace>
              <![CDATA[org.openqa.selenium.ElementNotInteractableException: element not interactable
  (Session info: chrome=87.0.4280.66)
Build info: version: '3.141.59', revision: 'e82be7d358', time: '2018-11-14T08:17:03'
System info: host: 'ATMECSINLT-407', ip: '192.168.0.112', os.name: 'Windows 10', os.arch: 'amd64', os.version: '10.0', java.version: '1.8.0_241'
Driver info: org.openqa.selenium.chrome.ChromeDriver
Capabilities {acceptInsecureCerts: false, browserName: chrome, browserVersion: 87.0.4280.66, chrome: {chromedriverVersion: 87.0.4280.20 (c99e81631faa0..., userDataDir: C:\Users\MOHAMM~1.RIZ\AppDa...}, goog:chromeOptions: {debuggerAddress: localhost:60513}, javascriptEnabled: true, networkConnectionEnabled: false, pageLoadStrategy: normal, platform: WINDOWS, platformName: WINDOWS, proxy: Proxy(), setWindowRect: true, strictFileInteractability: false, timeouts: {implicit: 0, pageLoad: 300000, script: 30000}, unhandledPromptBehavior: dismiss and notify, webauthn:virtualAuthenticators: true}
Session ID: 8b3952fff7b6521e74d841b7619cde48
at sun.reflect.NativeConstructorAccessorImpl.newInstance0(Native Method)
at sun.reflect.NativeConstructorAccessorImpl.newInstance(NativeConstructorAccessorImpl.java:62)
at sun.reflect.DelegatingConstructorAccessorImpl.newInstance(DelegatingConstructorAccessorImpl.java:45)
at java.lang.reflect.Constructor.newInstance(Constructor.java:423)
at org.openqa.selenium.remote.http.W3CHttpResponseCodec.createException(W3CHttpResponseCodec.java:187)
at org.openqa.selenium.remote.http.W3CHttpResponseCodec.decode(W3CHttpResponseCodec.java:122)
at org.openqa.selenium.remote.http.W3CHttpResponseCodec.decode(W3CHttpResponseCodec.java:49)
at org.openqa.selenium.remote.HttpCommandExecutor.execute(HttpCommandExecutor.java:158)
at org.openqa.selenium.remote.service.DriverCommandExecutor.execute(DriverCommandExecutor.java:83)
at org.openqa.selenium.remote.RemoteWebDriver.execute(RemoteWebDriver.java:552)
at org.openqa.selenium.remote.RemoteWebElement.execute(RemoteWebElement.java:285)
at org.openqa.selenium.remote.RemoteWebElement.sendKeys(RemoteWebElement.java:106)
at com.atmecs.falcon.automation.ui.selenium.TextField.enterTextField(TextField.java:45)
at com.atmecs.falcon_ui_project.pages.LoginPage.login(LoginPage.java:22)
at com.atmecs.falcon_ui_project.testscript.LoginTest.testLogin(LoginTest.java:42)
at sun.reflect.NativeMethodAccessorImpl.invoke0(Native Method)
at sun.reflect.NativeMethodAccessorImpl.invoke(NativeMethodAccessorImpl.java:62)
at sun.reflect.DelegatingMethodAccessorImpl.invoke(DelegatingMethodAccessorImpl.java:43)
at java.lang.reflect.Method.invoke(Method.java:498)
at org.testng.internal.MethodInvocationHelper.invokeMethod(MethodInvocationHelper.java:124)
at org.testng.internal.Invoker.invokeMethod(Invoker.java:583)
at org.testng.internal.Invoker.invokeTestMethod(Invoker.java:719)
at org.testng.internal.Invoker.invokeTestMethods(Invoker.java:989)
at org.testng.internal.TestMethodWorker.invokeTestMethods(TestMethodWorker.java:125)
at org.testng.internal.TestMethodWorker.run(TestMethodWorker.java:109)
at org.testng.TestRunner.privateRun(TestRunner.java:648)
at org.testng.TestRunner.run(TestRunner.java:505)
at org.testng.SuiteRunner.runTest(SuiteRunner.java:455)
at org.testng.SuiteRunner.runSequentially(SuiteRunner.java:450)
at org.testng.SuiteRunner.privateRun(SuiteRunner.java:415)
at org.testng.SuiteRunner.run(SuiteRunner.java:364)
at org.testng.SuiteRunnerWorker.runSuite(SuiteRunnerWorker.java:52)
at org.testng.SuiteRunnerWorker.run(SuiteRunnerWorker.java:84)
at java.util.concurrent.ThreadPoolExecutor.runWorker(ThreadPoolExecutor.java:1149)
at java.util.concurrent.ThreadPoolExecutor$Worker.run(ThreadPoolExecutor.java:624)
at java.lang.Thread.run(Thread.java:748)
]]>
            </full-stacktrace>
          </exception> <!-- org.openqa.selenium.ElementNotInteractableException -->
          <reporter-output>
            <line>
              <![CDATA[Click on login link]]>
            </line>
            <line>
              <![CDATA[Enter username]]>
            </line>
          </reporter-output>
        </test-method> <!-- testLogin -->
        <test-method status="PASS" signature="teardown()[pri:0, instance:com.atmecs.falcon_ui_project.testscript.LoginTest@5f1c870a]" name="teardown" is-config="true" duration-ms="1838" started-at="2020-12-03T10:56:59Z" finished-at="2020-12-03T10:57:01Z">
          <reporter-output>
          </reporter-output>
        </test-method> <!-- teardown -->
      </class> <!-- com.atmecs.falcon_ui_project.testscript.LoginTest -->
    </test> <!-- SampleTest -->
  </suite> <!-- Falcon-Sample-WIN_10_chrome_84 -->
  <suite name="Falcon-Sample- WIN_10_firefox_83" duration-ms="49460" started-at="2020-12-03T10:56:35Z" finished-at="2020-12-03T10:57:24Z">
    <groups>
    </groups>
    <test name="SampleTest" duration-ms="49460" started-at="2020-12-03T10:56:35Z" finished-at="2020-12-03T10:57:24Z">
      <class name="com.atmecs.falcon_ui_project.testscript.LoginTest">
        <test-method status="PASS" signature="preSetup()[pri:0, instance:com.atmecs.falcon_ui_project.testscript.LoginTest@f64557d]" name="preSetup" is-config="true" duration-ms="314" started-at="2020-12-03T10:56:35Z" finished-at="2020-12-03T10:56:35Z">
          <reporter-output>
          </reporter-output>
        </test-method> <!-- preSetup -->
        <test-method status="PASS" signature="initBrowser(java.lang.String, java.lang.String, java.lang.String, java.lang.String)[pri:0, instance:com.atmecs.falcon_ui_project.testscript.LoginTest@f64557d]" name="initBrowser" is-config="true" duration-ms="1" started-at="2020-12-03T10:56:37Z" finished-at="2020-12-03T10:56:37Z">
          <params>
            <param index="0">
              <value>
                <![CDATA[ WIN]]>
              </value>
            </param>
            <param index="1">
              <value>
                <![CDATA[10]]>
              </value>
            </param>
            <param index="2">
              <value>
                <![CDATA[firefox]]>
              </value>
            </param>
            <param index="3">
              <value>
                <![CDATA[83]]>
              </value>
            </param>
          </params>
          <reporter-output>
          </reporter-output>
        </test-method> <!-- initBrowser -->
        <test-method status="PASS" signature="testLogin(java.lang.String, java.lang.String)[pri:0, instance:com.atmecs.falcon_ui_project.testscript.LoginTest@f64557d]" name="testLogin" duration-ms="43748" started-at="2020-12-03T10:56:37Z" data-provider="logindata" finished-at="2020-12-03T10:57:21Z">
          <params>
            <param index="0">
              <value>
                <![CDATA[rizwan]]>
              </value>
            </param>
            <param index="1">
              <value>
                <![CDATA[riz1234]]>
              </value>
            </param>
          </params>
          <reporter-output>
            <line>
              <![CDATA[Click on login link]]>
            </line>
            <line>
              <![CDATA[Enter username]]>
            </line>
            <line>
              <![CDATA[Enter password]]>
            </line>
            <line>
              <![CDATA[Click login Button]]>
            </line>
          </reporter-output>
        </test-method> <!-- testLogin -->
        <test-method status="PASS" signature="teardown()[pri:0, instance:com.atmecs.falcon_ui_project.testscript.LoginTest@f64557d]" name="teardown" is-config="true" duration-ms="3566" started-at="2020-12-03T10:57:21Z" finished-at="2020-12-03T10:57:24Z">
          <reporter-output>
          </reporter-output>
        </test-method> <!-- teardown -->
      </class> <!-- com.atmecs.falcon_ui_project.testscript.LoginTest -->
    </test> <!-- SampleTest -->
  </suite> <!-- Falcon-Sample- WIN_10_firefox_83 -->
</testng-results>
